<?xml version="1.0" encoding="UTF-8"?>
<!-- Generated by org.testng.reporters.JUnitReportReporter -->
<testsuite skipped="0" hostname="Monica" name="NaveenTestNGSessions.ExceptedExceptionconcept" tests="1" failures="0" timestamp="2020-05-19T10:18:49 PDT" time="0.016" errors="0">
  <testcase name="divTest" time="0.016" classname="NaveenTestNGSessions.ExceptedExceptionconcept"/>
</testsuite> <!-- NaveenTestNGSessions.ExceptedExceptionconcept -->
