<?xml version="1.0" encoding="UTF-8"?>
<!-- Generated by org.testng.reporters.JUnitReportReporter -->
<testsuite skipped="0" hostname="Monica" name="NaveenTestNGSessions.DependsOnMethods" tests="3" failures="0" timestamp="2020-05-19T10:25:07 PDT" time="0.007" errors="0">
  <testcase name="loginTest" time="0.007" classname="NaveenTestNGSessions.DependsOnMethods"/>
  <testcase name="homePageTest" time="0.000" classname="NaveenTestNGSessions.DependsOnMethods"/>
  <testcase name="searchPageTest" time="0.000" classname="NaveenTestNGSessions.DependsOnMethods"/>
</testsuite> <!-- NaveenTestNGSessions.DependsOnMethods -->
