<?xml version="1.0" encoding="UTF-8"?>
<!-- Generated by org.testng.reporters.JUnitReportReporter -->
<testsuite skipped="0" hostname="Monica" name="NaveenTestNGSessions.TestNgPriority" tests="6" failures="0" timestamp="2020-05-19T10:07:24 PDT" time="0.025" errors="0">
  <testcase name="test1" time="0.011" classname="NaveenTestNGSessions.TestNgPriority"/>
  <testcase name="test4" time="0.002" classname="NaveenTestNGSessions.TestNgPriority"/>
  <testcase name="test6" time="0.003" classname="NaveenTestNGSessions.TestNgPriority"/>
  <testcase name="test5" time="0.002" classname="NaveenTestNGSessions.TestNgPriority"/>
  <testcase name="test3" time="0.005" classname="NaveenTestNGSessions.TestNgPriority"/>
  <testcase name="test2" time="0.002" classname="NaveenTestNGSessions.TestNgPriority"/>
</testsuite> <!-- NaveenTestNGSessions.TestNgPriority -->
