<?xml version="1.0" encoding="UTF-8"?>
<!-- Generated by org.testng.reporters.JUnitReportReporter -->
<testsuite skipped="2" hostname="Monica" name="NaveenTestNGSessions.DisableTest" tests="6" failures="0" timestamp="2020-05-19T10:28:04 PDT" time="0.031" errors="0">
  <testcase name="test2" time="0.000" classname="NaveenTestNGSessions.DisableTest"/>
  <testcase name="test5" time="0.000" classname="NaveenTestNGSessions.DisableTest"/>
  <testcase name="test6" time="0.015" classname="NaveenTestNGSessions.DisableTest"/>
  <testcase name="test1" time="0.016" classname="NaveenTestNGSessions.DisableTest"/>
  <testcase name="test3" classname="NaveenTestNGSessions.DisableTest">
    <skipped/>
  </testcase> <!-- test3 -->
  <testcase name="test4" classname="NaveenTestNGSessions.DisableTest">
    <skipped/>
  </testcase> <!-- test4 -->
</testsuite> <!-- NaveenTestNGSessions.DisableTest -->
