<?xml version="1.0" encoding="UTF-8"?>
<!-- Generated by org.testng.reporters.JUnitReportReporter -->
<testsuite skipped="0" hostname="Monica" name="NaveenTestNGSessions.TestNGAnnotations" tests="2" failures="0" timestamp="2020-05-18T15:45:33 PDT" time="0.010" errors="0">
  <testcase name="veirfyTitleTest" time="0.007" classname="NaveenTestNGSessions.TestNGAnnotations"/>
  <testcase name="verifyLoggedInUser" time="0.003" classname="NaveenTestNGSessions.TestNGAnnotations"/>
</testsuite> <!-- NaveenTestNGSessions.TestNGAnnotations -->
