<?xml version="1.0" encoding="UTF-8"?>
<!-- Generated by org.testng.reporters.JUnitReportReporter -->
<testsuite skipped="0" hostname="Monica" name="NaveenTestNGSessions.HomePageTest" tests="1" failures="0" timestamp="2020-05-26T15:07:34 PDT" time="0.003" errors="0">
  <testcase name="verifyHomePageTitleTest" time="0.003" classname="NaveenTestNGSessions.HomePageTest"/>
</testsuite> <!-- NaveenTestNGSessions.HomePageTest -->
