<?xml version="1.0" encoding="UTF-8"?>
<!-- Generated by org.testng.reporters.JUnitReportReporter -->
<testsuite skipped="0" hostname="Monica" name="NaveenTestNGSessions.TestNgSelemium" tests="3" failures="0" timestamp="2020-05-18T16:39:45 PDT" time="6.085" errors="0">
  <testcase name="verifyLoginPageTitleTest" time="0.038" classname="NaveenTestNGSessions.TestNgSelemium"/>
  <testcase name="verifySignUpLinkTest" time="0.230" classname="NaveenTestNGSessions.TestNgSelemium"/>
  <testcase name="loginTest" time="5.817" classname="NaveenTestNGSessions.TestNgSelemium"/>
</testsuite> <!-- NaveenTestNGSessions.TestNgSelemium -->
